{
  "stats": {
    "suites": 1,
    "tests": 2,
    "passes": 2,
    "pending": 0,
    "failures": 0,
    "start": "2024-07-02T20:12:13.297Z",
    "end": "2024-07-02T20:12:17.021Z",
    "duration": 3724,
    "testsRegistered": 2,
    "passPercent": 100,
    "pendingPercent": 0,
    "other": 0,
    "hasOther": false,
    "skipped": 0,
    "hasSkipped": false
  },
  "results": [
    {
      "uuid": "b307cd22-1430-4550-983d-77d91783bbae",
      "title": "",
      "fullFile": "cypress\\e2e\\login-incorreto.cy.js",
      "file": "cypress\\e2e\\login-incorreto.cy.js",
      "beforeHooks": [],
      "afterHooks": [],
      "tests": [],
      "suites": [
        {
          "uuid": "472268cc-bf93-422a-b757-652385b3db6b",
          "title": "Página de login",
          "fullFile": "",
          "file": "",
          "beforeHooks": [],
          "afterHooks": [],
          "tests": [
            {
              "title": "Deve preencher os campos de login incorrretamente e mostrar os erros na página",
              "fullTitle": "Página de login Deve preencher os campos de login incorrretamente e mostrar os erros na página",
              "timedOut": null,
              "duration": 1883,
              "state": "passed",
              "speed": "fast",
              "pass": true,
              "fail": false,
              "pending": false,
              "context": null,
              "code": "cy.get('[data-test=\"input-loginEmail\"]').type(\"761235\");\ncy.get('[data-test=\"input-loginPassword\"]').type(\"dgy\");\ncy.get('[data-test=\"submit-button\"]').click();\ncy.contains(\"Por favor, verifique o email digitado\").should(\"be.visible\");\ncy.contains(\"A senha deve conter pelo menos uma letra maiúscula, um número e ter entre 6 e 15 caracteres\");",
              "err": {},
              "uuid": "01443526-5727-45d4-83ee-326e64b0d0da",
              "parentUUID": "472268cc-bf93-422a-b757-652385b3db6b",
              "isHook": false,
              "skipped": false
            },
            {
              "title": "Deve não preencher os campos e mostrar mensagens de erro",
              "fullTitle": "Página de login Deve não preencher os campos e mostrar mensagens de erro",
              "timedOut": null,
              "duration": 709,
              "state": "passed",
              "speed": "fast",
              "pass": true,
              "fail": false,
              "pending": false,
              "context": null,
              "code": "cy.get('[data-test=\"input-loginEmail\"]');\ncy.get('[data-test=\"input-loginPassword\"]');\ncy.get('[data-test=\"submit-button\"]').click();\ncy.contains(\"É necessário informar um endereço de email\").should(\"be.visible\");\ncy.contains(\"Insira sua senha\").should(\"be.visible\");",
              "err": {},
              "uuid": "5e3c0fcd-106f-4aec-8e48-5d586035373d",
              "parentUUID": "472268cc-bf93-422a-b757-652385b3db6b",
              "isHook": false,
              "skipped": false
            }
          ],
          "suites": [],
          "passes": [
            "01443526-5727-45d4-83ee-326e64b0d0da",
            "5e3c0fcd-106f-4aec-8e48-5d586035373d"
          ],
          "failures": [],
          "pending": [],
          "skipped": [],
          "duration": 2592,
          "root": false,
          "rootEmpty": false,
          "_timeout": 2000
        }
      ],
      "passes": [],
      "failures": [],
      "pending": [],
      "skipped": [],
      "duration": 0,
      "root": true,
      "rootEmpty": true,
      "_timeout": 2000
    }
  ],
  "meta": {
    "mocha": {
      "version": "7.0.1"
    },
    "mochawesome": {
      "options": {
        "quiet": false,
        "reportFilename": "mochawesome",
        "saveHtml": false,
        "saveJson": true,
        "consoleReporter": "spec",
        "useInlineDiffs": false,
        "code": true
      },
      "version": "7.1.3"
    },
    "marge": {
      "options": {
        "reporDir": "cypress/results",
        "overwrite": false,
        "html": false,
        "json": true,
        "timestamp": "mmddyyy_HHMMss"
      },
      "version": "6.2.0"
    }
  }
}