{
  "stats": {
    "suites": 1,
    "tests": 2,
    "passes": 2,
    "pending": 0,
    "failures": 0,
    "start": "2024-07-02T20:12:19.313Z",
    "end": "2024-07-02T20:12:21.223Z",
    "duration": 1910,
    "testsRegistered": 2,
    "passPercent": 100,
    "pendingPercent": 0,
    "other": 0,
    "hasOther": false,
    "skipped": 0,
    "hasSkipped": false
  },
  "results": [
    {
      "uuid": "1f428937-79ab-4d2c-9674-9a24a38f819d",
      "title": "",
      "fullFile": "cypress\\e2e\\verificar-mensagem-pagina-inicial.cy.js",
      "file": "cypress\\e2e\\verificar-mensagem-pagina-inicial.cy.js",
      "beforeHooks": [],
      "afterHooks": [],
      "tests": [],
      "suites": [
        {
          "uuid": "0f9191ab-eaec-448e-955d-15ab78c75ac6",
          "title": "Página Inicial",
          "fullFile": "",
          "file": "",
          "beforeHooks": [],
          "afterHooks": [],
          "tests": [
            {
              "title": "Verificar título com texto \"AdoPet",
              "fullTitle": "Página Inicial Verificar título com texto \"AdoPet",
              "timedOut": null,
              "duration": 377,
              "state": "passed",
              "speed": "fast",
              "pass": true,
              "fail": false,
              "pending": false,
              "context": null,
              "code": "cy.title().should(\"eq\", \"AdoPet\");",
              "err": {},
              "uuid": "4b825ea1-4650-4fa2-8416-e9f155c842a1",
              "parentUUID": "0f9191ab-eaec-448e-955d-15ab78c75ac6",
              "isHook": false,
              "skipped": false
            },
            {
              "title": "Vericar mensagem de texto",
              "fullTitle": "Página Inicial Vericar mensagem de texto",
              "timedOut": null,
              "duration": 451,
              "state": "passed",
              "speed": "fast",
              "pass": true,
              "fail": false,
              "pending": false,
              "context": null,
              "code": "cy.contains(\"p\", \"Quem ama adota!\").should(\"be.visible\");\ncy.contains(\"p\", \"Adotar pode mudar uma vida. Que tal buscar seu novo melhor amigo hoje? Vem com a gente!\").should(\"be.visible\");",
              "err": {},
              "uuid": "4c07443c-fca3-4d81-9c4a-43b601dbfcdb",
              "parentUUID": "0f9191ab-eaec-448e-955d-15ab78c75ac6",
              "isHook": false,
              "skipped": false
            }
          ],
          "suites": [],
          "passes": [
            "4b825ea1-4650-4fa2-8416-e9f155c842a1",
            "4c07443c-fca3-4d81-9c4a-43b601dbfcdb"
          ],
          "failures": [],
          "pending": [],
          "skipped": [],
          "duration": 828,
          "root": false,
          "rootEmpty": false,
          "_timeout": 2000
        }
      ],
      "passes": [],
      "failures": [],
      "pending": [],
      "skipped": [],
      "duration": 0,
      "root": true,
      "rootEmpty": true,
      "_timeout": 2000
    }
  ],
  "meta": {
    "mocha": {
      "version": "7.0.1"
    },
    "mochawesome": {
      "options": {
        "quiet": false,
        "reportFilename": "mochawesome",
        "saveHtml": false,
        "saveJson": true,
        "consoleReporter": "spec",
        "useInlineDiffs": false,
        "code": true
      },
      "version": "7.1.3"
    },
    "marge": {
      "options": {
        "reporDir": "cypress/results",
        "overwrite": false,
        "html": false,
        "json": true,
        "timestamp": "mmddyyy_HHMMss"
      },
      "version": "6.2.0"
    }
  }
}