{
  "stats": {
    "suites": 1,
    "tests": 1,
    "passes": 1,
    "pending": 0,
    "failures": 0,
    "start": "2024-07-02T20:11:51.794Z",
    "end": "2024-07-02T20:11:56.158Z",
    "duration": 4364,
    "testsRegistered": 1,
    "passPercent": 100,
    "pendingPercent": 0,
    "other": 0,
    "hasOther": false,
    "skipped": 0,
    "hasSkipped": false
  },
  "results": [
    {
      "uuid": "f1fc421d-8b9c-413d-a071-2d546c4e9997",
      "title": "",
      "fullFile": "cypress\\e2e\\cadastro-correto..cy.js",
      "file": "cypress\\e2e\\cadastro-correto..cy.js",
      "beforeHooks": [],
      "afterHooks": [],
      "tests": [],
      "suites": [
        {
          "uuid": "33191a0f-1d8e-4c79-9266-0c2edc42a6be",
          "title": "Página de cadastro",
          "fullFile": "",
          "file": "",
          "beforeHooks": [],
          "afterHooks": [],
          "tests": [
            {
              "title": "Preencher os campos do formulário corretamente para cadastrar um novo usuário",
              "fullTitle": "Página de cadastro Preencher os campos do formulário corretamente para cadastrar um novo usuário",
              "timedOut": null,
              "duration": 2866,
              "state": "passed",
              "speed": "fast",
              "pass": true,
              "fail": false,
              "pending": false,
              "context": null,
              "code": "cy.cadastro(\"luis@gmail.com\", \"Senha123\", \"Luís Crispim\");",
              "err": {},
              "uuid": "de596f4f-ddc9-4129-8585-17bdd6809ea4",
              "parentUUID": "33191a0f-1d8e-4c79-9266-0c2edc42a6be",
              "isHook": false,
              "skipped": false
            }
          ],
          "suites": [],
          "passes": [
            "de596f4f-ddc9-4129-8585-17bdd6809ea4"
          ],
          "failures": [],
          "pending": [],
          "skipped": [],
          "duration": 2866,
          "root": false,
          "rootEmpty": false,
          "_timeout": 2000
        }
      ],
      "passes": [],
      "failures": [],
      "pending": [],
      "skipped": [],
      "duration": 0,
      "root": true,
      "rootEmpty": true,
      "_timeout": 2000
    }
  ],
  "meta": {
    "mocha": {
      "version": "7.0.1"
    },
    "mochawesome": {
      "options": {
        "quiet": false,
        "reportFilename": "mochawesome",
        "saveHtml": false,
        "saveJson": true,
        "consoleReporter": "spec",
        "useInlineDiffs": false,
        "code": true
      },
      "version": "7.1.3"
    },
    "marge": {
      "options": {
        "reporDir": "cypress/results",
        "overwrite": false,
        "html": false,
        "json": true,
        "timestamp": "mmddyyy_HHMMss"
      },
      "version": "6.2.0"
    }
  }
}